{
  "RSpec": {
    "coverage": {
      "/mnt/c/Users/theic/Documents/ece5820/projectdirectory-selt_2024_team_005/config/environment.rb": {
        "lines": [
          null,
          1,
          null,
          null,
          1
        ]
      },
      "/mnt/c/Users/theic/Documents/ece5820/projectdirectory-selt_2024_team_005/config/application.rb": {
        "lines": [
          1,
          null,
          1,
          null,
          null,
          null,
          1,
          null,
          1,
          1,
          null,
          1,
          null,
          null,
          null,
          null,
          1,
          null,
          null,
          null,
          null,
          null,
          null,
          null,
          null,
          null,
          null
        ]
      },
      "/mnt/c/Users/theic/Documents/ece5820/projectdirectory-selt_2024_team_005/config/boot.rb": {
        "lines": [
          1,
          null,
          1,
          1
        ]
      },
      "/mnt/c/Users/theic/Documents/ece5820/projectdirectory-selt_2024_team_005/config/environments/test.rb": {
        "lines": [
          1,
          null,
          null,
          null,
          null,
          null,
          null,
          1,
          null,
          1,
          1,
          null,
          null,
          null,
          null,
          1,
          null,
          null,
          null,
          null,
          null,
          1,
          null,
          null,
          1,
          null,
          null,
          1,
          1,
          1,
          null,
          null,
          1,
          null,
          null,
          1,
          null,
          null,
          1,
          null,
          null,
          null,
          1,
          null,
          null,
          null,
          null,
          1,
          null,
          null,
          null,
          1,
          null,
          null,
          1,
          null,
          null,
          1,
          null,
          null,
          1,
          null,
          null,
          null,
          null,
          null,
          null,
          null,
          null,
          1,
          null
        ]
      },
      "/mnt/c/Users/theic/Documents/ece5820/projectdirectory-selt_2024_team_005/config/initializers/assets.rb": {
        "lines": [
          null,
          null,
          null,
          1,
          null,
          null,
          null,
          null,
          null,
          null,
          null,
          null
        ]
      },
      "/mnt/c/Users/theic/Documents/ece5820/projectdirectory-selt_2024_team_005/config/initializers/content_security_policy.rb": {
        "lines": [
          null,
          null,
          null,
          null,
          null,
          null,
          null,
          null,
          null,
          null,
          null,
          null,
          null,
          null,
          null,
          null,
          null,
          null,
          null,
          null,
          null,
          null,
          null,
          null,
          null
        ]
      },
      "/mnt/c/Users/theic/Documents/ece5820/projectdirectory-selt_2024_team_005/config/initializers/filter_parameter_logging.rb": {
        "lines": [
          null,
          null,
          null,
          null,
          null,
          1,
          null,
          null
        ]
      },
      "/mnt/c/Users/theic/Documents/ece5820/projectdirectory-selt_2024_team_005/config/initializers/inflections.rb": {
        "lines": [
          null,
          null,
          null,
          null,
          null,
          null,
          null,
          null,
          null,
          null,
          null,
          null,
          null,
          null,
          null,
          null
        ]
      },
      "/mnt/c/Users/theic/Documents/ece5820/projectdirectory-selt_2024_team_005/config/initializers/permissions_policy.rb": {
        "lines": [
          null,
          null,
          null,
          null,
          null,
          null,
          null,
          null,
          null,
          null,
          null,
          null,
          null
        ]
      },
      "/mnt/c/Users/theic/Documents/ece5820/projectdirectory-selt_2024_team_005/spec/factories/armors.rb": {
        "lines": [
          1,
          1,
          1,
          1,
          null,
          null
        ]
      },
      "/mnt/c/Users/theic/Documents/ece5820/projectdirectory-selt_2024_team_005/spec/factories/cells.rb": {
        "lines": [
          1,
          1,
          1,
          1,
          1,
          1,
          1,
          1,
          1,
          1,
          1,
          null,
          null
        ]
      },
      "/mnt/c/Users/theic/Documents/ece5820/projectdirectory-selt_2024_team_005/spec/factories/characters.rb": {
        "lines": [
          1,
          1,
          1,
          1,
          1,
          1,
          1,
          1,
          null,
          null
        ]
      },
      "/mnt/c/Users/theic/Documents/ece5820/projectdirectory-selt_2024_team_005/spec/factories/grids.rb": {
        "lines": [
          1,
          1,
          1,
          8,
          8,
          8,
          null,
          null
        ]
      },
      "/mnt/c/Users/theic/Documents/ece5820/projectdirectory-selt_2024_team_005/spec/factories/inventories.rb": {
        "lines": [
          1,
          1,
          1,
          8,
          8,
          null,
          null
        ]
      },
      "/mnt/c/Users/theic/Documents/ece5820/projectdirectory-selt_2024_team_005/spec/factories/items.rb": {
        "lines": [
          1,
          1,
          36,
          36,
          36,
          null,
          1,
          1,
          null,
          null,
          1,
          1,
          null,
          null,
          1,
          1,
          null,
          null,
          null
        ]
      },
      "/mnt/c/Users/theic/Documents/ece5820/projectdirectory-selt_2024_team_005/spec/factories/potions.rb": {
        "lines": [
          1,
          1,
          1,
          1,
          null,
          null
        ]
      },
      "/mnt/c/Users/theic/Documents/ece5820/projectdirectory-selt_2024_team_005/spec/factories/users.rb": {
        "lines": [
          1,
          1,
          1,
          1,
          16,
          16,
          16,
          16,
          null,
          null
        ]
      },
      "/mnt/c/Users/theic/Documents/ece5820/projectdirectory-selt_2024_team_005/spec/factories/weapons.rb": {
        "lines": [
          1,
          1,
          1,
          1,
          null,
          null
        ]
      },
      "/mnt/c/Users/theic/Documents/ece5820/projectdirectory-selt_2024_team_005/config/routes.rb": {
        "lines": [
          null,
          1,
          1,
          1,
          1,
          1,
          null,
          null,
          null,
          1,
          1,
          null,
          null,
          null,
          1,
          1,
          null,
          null,
          1,
          1,
          1,
          1,
          null,
          null,
          1,
          1,
          1,
          null,
          null,
          1,
          null,
          null,
          1,
          null,
          null,
          1,
          null,
          null,
          1,
          null,
          1,
          1,
          null,
          null,
          1,
          1,
          null,
          1,
          null,
          1,
          1,
          1,
          1,
          1,
          1,
          null,
          null,
          null,
          1,
          null,
          null,
          null,
          null,
          null,
          1,
          1,
          1,
          1,
          null,
          1,
          1,
          1,
          null,
          null,
          null,
          1,
          null,
          null,
          1,
          1,
          1,
          null,
          null,
          null,
          null,
          null,
          null,
          null,
          1,
          null,
          null,
          1,
          1,
          null,
          1,
          null,
          null,
          null,
          null,
          null,
          null
        ]
      },
      "/mnt/c/Users/theic/Documents/ece5820/projectdirectory-selt_2024_team_005/app/helpers/application_helper.rb": {
        "lines": [
          1,
          null
        ]
      },
      "/mnt/c/Users/theic/Documents/ece5820/projectdirectory-selt_2024_team_005/app/helpers/cell_helper.rb": {
        "lines": [
          1,
          null
        ]
      },
      "/mnt/c/Users/theic/Documents/ece5820/projectdirectory-selt_2024_team_005/app/helpers/characters_helper.rb": {
        "lines": [
          1,
          null
        ]
      },
      "/mnt/c/Users/theic/Documents/ece5820/projectdirectory-selt_2024_team_005/app/helpers/grid_helper.rb": {
        "lines": [
          1,
          null
        ]
      },
      "/mnt/c/Users/theic/Documents/ece5820/projectdirectory-selt_2024_team_005/app/helpers/home_helper.rb": {
        "lines": [
          1,
          null
        ]
      },
      "/mnt/c/Users/theic/Documents/ece5820/projectdirectory-selt_2024_team_005/app/helpers/multiplayer_helper.rb": {
        "lines": [
          1,
          null
        ]
      },
      "/mnt/c/Users/theic/Documents/ece5820/projectdirectory-selt_2024_team_005/app/helpers/users_helper.rb": {
        "lines": [
          1,
          null
        ]
      },
      "/mnt/c/Users/theic/Documents/ece5820/projectdirectory-selt_2024_team_005/app/channels/chat_channel.rb": {
        "lines": [
          1,
          1,
          null,
          8,
          8,
          null,
          8,
          5,
          5,
          3,
          1,
          1,
          null,
          2,
          null,
          null,
          null,
          1,
          3,
          null,
          1,
          1,
          1,
          1,
          null,
          null,
          1,
          null,
          null,
          null,
          null,
          null,
          null,
          1,
          null,
          1,
          0,
          null,
          0,
          null,
          null,
          null,
          null,
          1,
          0,
          0,
          0,
          null,
          0,
          0,
          0,
          0,
          null,
          0,
          null,
          null,
          0,
          null,
          null
        ]
      },
      "/mnt/c/Users/theic/Documents/ece5820/projectdirectory-selt_2024_team_005/app/channels/application_cable/channel.rb": {
        "lines": [
          1,
          1,
          null,
          null
        ]
      },
      "/mnt/c/Users/theic/Documents/ece5820/projectdirectory-selt_2024_team_005/spec/channels/multiplayer_channel_spec.rb": {
        "lines": [
          1,
          null,
          1,
          1,
          1,
          null,
          null,
          null,
          null,
          null,
          null,
          null,
          1,
          1,
          null,
          null,
          null,
          null,
          null,
          null,
          1,
          1,
          null,
          null,
          null,
          1,
          1,
          null,
          null,
          null,
          null,
          null,
          null,
          null,
          null,
          null,
          null,
          null,
          1,
          1,
          null,
          null,
          null,
          null,
          null,
          null,
          null,
          null,
          null,
          null,
          null,
          null,
          null,
          null,
          null,
          null,
          1,
          null,
          1,
          1,
          1,
          null,
          null,
          1,
          1,
          1,
          1,
          1,
          null,
          null,
          null
        ]
      },
      "/mnt/c/Users/theic/Documents/ece5820/projectdirectory-selt_2024_team_005/app/channels/multiplayer_channel.rb": {
        "lines": [
          1,
          1,
          1,
          1,
          null,
          1,
          null,
          null,
          1,
          1,
          null,
          1,
          null,
          null,
          1,
          null,
          null,
          null,
          null,
          null,
          1,
          0,
          0,
          null,
          0,
          null,
          null,
          null,
          null,
          null,
          null,
          null,
          1,
          0,
          0,
          null,
          null,
          0,
          null,
          null,
          0,
          null,
          null,
          null,
          null,
          null,
          null,
          null,
          null
        ]
      },
      "/mnt/c/Users/theic/Documents/ece5820/projectdirectory-selt_2024_team_005/spec/controllers/grids_controller_spec.rb": {
        "lines": [
          1,
          null,
          1,
          4,
          4,
          4,
          4,
          4,
          null,
          1,
          3,
          3,
          3,
          3,
          null,
          null,
          1,
          2,
          null,
          1,
          1,
          1,
          null,
          null,
          1,
          1,
          1,
          null,
          null,
          null,
          null,
          null,
          null,
          null,
          null,
          null,
          null,
          null,
          null,
          null,
          null,
          null,
          null,
          null,
          null,
          null,
          1,
          2,
          null,
          1,
          1,
          1,
          null,
          null,
          1,
          1,
          1,
          1,
          1,
          null,
          null,
          null,
          null,
          null,
          null,
          null,
          null,
          null,
          null,
          null,
          null,
          null,
          null,
          null,
          null,
          null,
          null,
          null,
          null,
          1,
          2,
          null,
          1,
          1,
          1,
          null,
          null,
          1,
          1,
          1,
          1,
          null,
          null,
          null
        ]
      },
      "/mnt/c/Users/theic/Documents/ece5820/projectdirectory-selt_2024_team_005/app/controllers/grids_controller.rb": {
        "lines": [
          null,
          1,
          1,
          null,
          1,
          1,
          1,
          1,
          1,
          null,
          null,
          null,
          1,
          0,
          null,
          null,
          1,
          0,
          0,
          0,
          0,
          null,
          0,
          0,
          null,
          null,
          null,
          1,
          0,
          0,
          0,
          null,
          null,
          1,
          0,
          0,
          0,
          null,
          null,
          1,
          1,
          1,
          0,
          0,
          null,
          1,
          1,
          1,
          1,
          1,
          1,
          1,
          1,
          1,
          1,
          null,
          null,
          null,
          1,
          0,
          0,
          0,
          0,
          null,
          0,
          0,
          0,
          0,
          0,
          0,
          0,
          0,
          null,
          0,
          null,
          null,
          0,
          null,
          0,
          null,
          null,
          null,
          1,
          1,
          1,
          0,
          0,
          null,
          null,
          null,
          1,
          0,
          0,
          null,
          null,
          null,
          1,
          1,
          0,
          0,
          null,
          null,
          null,
          1,
          null,
          1,
          1,
          null,
          null,
          null,
          null,
          1,
          null,
          1,
          0,
          null,
          1,
          0,
          null,
          null,
          1,
          10,
          10,
          7,
          null,
          3,
          3,
          null,
          null,
          null
        ]
      },
      "/mnt/c/Users/theic/Documents/ece5820/projectdirectory-selt_2024_team_005/app/controllers/application_controller.rb": {
        "lines": [
          1,
          null,
          null,
          1,
          null,
          1,
          0,
          0,
          null,
          1,
          null
        ]
      },
      "/mnt/c/Users/theic/Documents/ece5820/projectdirectory-selt_2024_team_005/spec/controllers/inventory_controller_spec.rb": {
        "lines": [
          1,
          1,
          null,
          1,
          8,
          8,
          8,
          8,
          8,
          8,
          8,
          8,
          8,
          1,
          7,
          null,
          null,
          null,
          null,
          null,
          null,
          null,
          null,
          null,
          null,
          null,
          1,
          7,
          7,
          7,
          null,
          null,
          1,
          1,
          1,
          2,
          2,
          null,
          1,
          1,
          1,
          null,
          null,
          1,
          1,
          1,
          null,
          null,
          null,
          1,
          1,
          2,
          null,
          null,
          1,
          1,
          1,
          null,
          null,
          1,
          1,
          1,
          null,
          null,
          null,
          1,
          1,
          2,
          null,
          null,
          1,
          1,
          1,
          null,
          null,
          1,
          1,
          1,
          null,
          null,
          null,
          1,
          1,
          1,
          1,
          1,
          null,
          null,
          null
        ]
      },
      "/mnt/c/Users/theic/Documents/ece5820/projectdirectory-selt_2024_team_005/app/controllers/inventory_controller.rb": {
        "lines": [
          1,
          1,
          null,
          1,
          6,
          null,
          6,
          null,
          2,
          null,
          2,
          null,
          2,
          null,
          null,
          6,
          6,
          6,
          12,
          null,
          null,
          null,
          1,
          1,
          null,
          1,
          1,
          1,
          2,
          null,
          null,
          null,
          1,
          null,
          1,
          7,
          7,
          null,
          null,
          1,
          2,
          null,
          2,
          null,
          2,
          null,
          2,
          2,
          null,
          null,
          1,
          2,
          2,
          null,
          2,
          2,
          null,
          2,
          2,
          null,
          null,
          1,
          2,
          2,
          null,
          2,
          2,
          null,
          2,
          2,
          null,
          null
        ]
      },
      "/mnt/c/Users/theic/Documents/ece5820/projectdirectory-selt_2024_team_005/spec/controllers/password_resets_controller_spec.rb": {
        "lines": [
          1,
          1,
          null,
          1,
          7,
          null,
          1,
          1,
          1,
          1,
          1,
          null,
          1,
          1,
          1,
          null,
          1,
          1,
          1,
          null,
          null,
          1,
          1,
          5,
          null,
          1,
          1,
          1,
          null,
          null,
          null,
          null,
          1,
          1,
          1,
          null,
          null,
          null,
          1,
          null,
          1,
          1,
          1,
          null,
          null,
          null,
          1,
          null,
          1,
          1,
          null,
          null,
          null,
          1,
          null,
          1,
          1,
          1,
          1,
          1,
          null,
          null,
          null
        ]
      },
      "/mnt/c/Users/theic/Documents/ece5820/projectdirectory-selt_2024_team_005/app/controllers/password_resets_controller.rb": {
        "lines": [
          1,
          1,
          null,
          null,
          1,
          3,
          2,
          null,
          2,
          null,
          1,
          null,
          null,
          2,
          null,
          1,
          1,
          null,
          null,
          null,
          1,
          1,
          null,
          1,
          null,
          null,
          1,
          4,
          4,
          3,
          null,
          null,
          1,
          1,
          null,
          null,
          null,
          1,
          null,
          1,
          4,
          null,
          null
        ]
      },
      "/mnt/c/Users/theic/Documents/ece5820/projectdirectory-selt_2024_team_005/spec/controllers/store_controller_spec.rb": {
        "lines": [
          1,
          null,
          1,
          3,
          3,
          3,
          3,
          3,
          null,
          1,
          null,
          2,
          2,
          2,
          null,
          null,
          2,
          2,
          null,
          null,
          2,
          2,
          2,
          null,
          null,
          1,
          1,
          1,
          1,
          null,
          1,
          1,
          1,
          1,
          1,
          null,
          null,
          null,
          1,
          1,
          1,
          null,
          null,
          1,
          1,
          null,
          1,
          1,
          1,
          1,
          1,
          null,
          null,
          null,
          null
        ]
      },
      "/mnt/c/Users/theic/Documents/ece5820/projectdirectory-selt_2024_team_005/app/controllers/store_controller.rb": {
        "lines": [
          1,
          1,
          2,
          2,
          2,
          2,
          2,
          null,
          1,
          0,
          0,
          0,
          null,
          0,
          0,
          null,
          null,
          0,
          0,
          0,
          null,
          0,
          0,
          0,
          null,
          0,
          0,
          0,
          null,
          0,
          0,
          0,
          null,
          0,
          0,
          null,
          null,
          null,
          1,
          0,
          0,
          null,
          null,
          0,
          0,
          0,
          null,
          null,
          null,
          0,
          0,
          null,
          null,
          0,
          null,
          0,
          null,
          0,
          null,
          null,
          0,
          null,
          null,
          null,
          null,
          null,
          null,
          null,
          0,
          0,
          0,
          null,
          0,
          0,
          null,
          null,
          null
        ]
      },
      "/mnt/c/Users/theic/Documents/ece5820/projectdirectory-selt_2024_team_005/spec/controllers/users_controller_spec.rb": {
        "lines": [
          1,
          null,
          1,
          1,
          15,
          null,
          null,
          null,
          null,
          null,
          null,
          null,
          16,
          null,
          1,
          null,
          15,
          15,
          15,
          null,
          null,
          1,
          1,
          1,
          1,
          null,
          1,
          1,
          1,
          null,
          null,
          null,
          1,
          1,
          1,
          null,
          null,
          1,
          1,
          1,
          null,
          null,
          null,
          null,
          1,
          1,
          1,
          null,
          null,
          1,
          1,
          1,
          1,
          null,
          null,
          null,
          null,
          1,
          1,
          1,
          1,
          null,
          null,
          1,
          1,
          1,
          1,
          1,
          1,
          1,
          1,
          null,
          null,
          null,
          1,
          1,
          1,
          null,
          null,
          1,
          1,
          1,
          null,
          null,
          null,
          null,
          null,
          1,
          1,
          6,
          null,
          null,
          1,
          1,
          1,
          null,
          null,
          null,
          null,
          null,
          null,
          null,
          null,
          1,
          1,
          null,
          null,
          null,
          1,
          1,
          1,
          null,
          null,
          null,
          null,
          null,
          null,
          null,
          null,
          1,
          1,
          null,
          null,
          null,
          1,
          1,
          1,
          null,
          null,
          null,
          null,
          null,
          null,
          null,
          null,
          1,
          1,
          null,
          null,
          null,
          1,
          1,
          1,
          null,
          null,
          null,
          null,
          null,
          null,
          null,
          null,
          1,
          1,
          null,
          null,
          null,
          1,
          1,
          1,
          null,
          null,
          1,
          1,
          null,
          null,
          null,
          null,
          null,
          null,
          null,
          null,
          1,
          1,
          null,
          null,
          null,
          1,
          1,
          1,
          null,
          null,
          1,
          1,
          null,
          null,
          null,
          null,
          null,
          null,
          null,
          null,
          1,
          1,
          null,
          null,
          null,
          null,
          1,
          1,
          1,
          1,
          1,
          null,
          null,
          null,
          1,
          1,
          null,
          3,
          null,
          null,
          null,
          null,
          null,
          null,
          1,
          1,
          null,
          1,
          1,
          null,
          1,
          1,
          1,
          1,
          1,
          1,
          1,
          1,
          null,
          1,
          null,
          null,
          1,
          1,
          1,
          null,
          null,
          null,
          1,
          1,
          1,
          1,
          null,
          null,
          1,
          1,
          1,
          1,
          null,
          null,
          null,
          1,
          1,
          1,
          1,
          1,
          null,
          null,
          1,
          1,
          1,
          1,
          null,
          null,
          null,
          null
        ]
      },
      "/mnt/c/Users/theic/Documents/ece5820/projectdirectory-selt_2024_team_005/app/controllers/users_controller.rb": {
        "lines": [
          null,
          1,
          1,
          3,
          2,
          null,
          null,
          1,
          2,
          2,
          1,
          1,
          10,
          null,
          null,
          null,
          1,
          6,
          null,
          6,
          6,
          null,
          6,
          1,
          1,
          null,
          null,
          5,
          null,
          null,
          5,
          5,
          null,
          null,
          5,
          5,
          5,
          null,
          5,
          1,
          1,
          null,
          null,
          4,
          1,
          1,
          null,
          null,
          3,
          0,
          0,
          null,
          null,
          3,
          0,
          0,
          null,
          null,
          null,
          null,
          null,
          3,
          null,
          3,
          1,
          1,
          null,
          null,
          2,
          null,
          2,
          1,
          1,
          null,
          1,
          1,
          null,
          null,
          null,
          null,
          null,
          1,
          2,
          null,
          null,
          1,
          3,
          3,
          null,
          null,
          3,
          null,
          1,
          1,
          2,
          null,
          1,
          1,
          null,
          1,
          null,
          1,
          null,
          null,
          null,
          null,
          null,
          null,
          null,
          1,
          1,
          null,
          1,
          1,
          null,
          null,
          null,
          1,
          null,
          1,
          3,
          null,
          1,
          0,
          0,
          0,
          0,
          null,
          null
        ]
      },
      "/mnt/c/Users/theic/Documents/ece5820/projectdirectory-selt_2024_team_005/spec/helpers/cell_helper_spec.rb": {
        "lines": [
          1,
          null,
          null,
          null,
          null,
          null,
          null,
          null,
          null,
          null,
          null,
          null,
          1,
          1,
          null
        ]
      },
      "/mnt/c/Users/theic/Documents/ece5820/projectdirectory-selt_2024_team_005/spec/helpers/characters_helper_spec.rb": {
        "lines": [
          1,
          null,
          null,
          null,
          null,
          null,
          null,
          null,
          null,
          null,
          null,
          null,
          1,
          1,
          null
        ]
      },
      "/mnt/c/Users/theic/Documents/ece5820/projectdirectory-selt_2024_team_005/spec/helpers/grid_helper_spec.rb": {
        "lines": [
          1,
          null,
          null,
          null,
          null,
          null,
          null,
          null,
          null,
          null,
          null,
          null,
          1,
          1,
          null
        ]
      },
      "/mnt/c/Users/theic/Documents/ece5820/projectdirectory-selt_2024_team_005/spec/helpers/home_helper_spec.rb": {
        "lines": [
          1,
          null,
          null,
          null,
          null,
          null,
          null,
          null,
          null,
          null,
          null,
          null,
          1,
          1,
          null
        ]
      },
      "/mnt/c/Users/theic/Documents/ece5820/projectdirectory-selt_2024_team_005/spec/helpers/multiplayer_helper_spec.rb": {
        "lines": [
          1,
          null,
          null,
          null,
          null,
          null,
          null,
          null,
          null,
          null,
          null,
          null,
          1,
          1,
          null
        ]
      },
      "/mnt/c/Users/theic/Documents/ece5820/projectdirectory-selt_2024_team_005/spec/helpers/users_helper_spec.rb": {
        "lines": [
          1,
          null,
          null,
          null,
          null,
          null,
          null,
          null,
          null,
          null,
          null,
          null,
          1,
          1,
          null
        ]
      },
      "/mnt/c/Users/theic/Documents/ece5820/projectdirectory-selt_2024_team_005/spec/mailers/password_mailer_spec.rb": {
        "lines": [
          1,
          null,
          1,
          1,
          3,
          1,
          3,
          null,
          1,
          1,
          1,
          1,
          null,
          null,
          1,
          null,
          1,
          null,
          null,
          1,
          1,
          1,
          1,
          1,
          null,
          null,
          null
        ]
      },
      "/mnt/c/Users/theic/Documents/ece5820/projectdirectory-selt_2024_team_005/app/mailers/password_mailer.rb": {
        "lines": [
          1,
          null,
          null,
          null,
          null,
          null,
          1,
          2,
          null,
          2,
          null,
          null,
          null,
          null,
          null
        ]
      },
      "/mnt/c/Users/theic/Documents/ece5820/projectdirectory-selt_2024_team_005/app/mailers/application_mailer.rb": {
        "lines": [
          1,
          1,
          1,
          null
        ]
      },
      "/mnt/c/Users/theic/Documents/ece5820/projectdirectory-selt_2024_team_005/spec/models/cell_spec.rb": {
        "lines": [
          1,
          null,
          1,
          1,
          null
        ]
      },
      "/mnt/c/Users/theic/Documents/ece5820/projectdirectory-selt_2024_team_005/app/models/cell.rb": {
        "lines": [
          1,
          1,
          null,
          1,
          1,
          1,
          1,
          null
        ]
      },
      "/mnt/c/Users/theic/Documents/ece5820/projectdirectory-selt_2024_team_005/app/models/application_record.rb": {
        "lines": [
          1,
          1,
          null
        ]
      },
      "/mnt/c/Users/theic/Documents/ece5820/projectdirectory-selt_2024_team_005/spec/models/cells_spec.rb": {
        "lines": [
          1,
          null,
          1,
          1,
          null
        ]
      },
      "/mnt/c/Users/theic/Documents/ece5820/projectdirectory-selt_2024_team_005/spec/models/character_spec.rb": {
        "lines": [
          1,
          null,
          1,
          1,
          null
        ]
      },
      "/mnt/c/Users/theic/Documents/ece5820/projectdirectory-selt_2024_team_005/app/models/character.rb": {
        "lines": [
          1,
          1,
          1,
          1,
          1,
          null,
          1,
          1,
          null,
          1,
          1,
          null,
          1,
          1,
          null,
          null,
          null,
          null,
          null,
          null,
          null,
          null,
          1,
          null,
          1,
          16,
          16,
          null,
          null,
          1,
          0,
          0,
          null,
          null,
          1,
          16,
          16,
          null,
          16,
          16,
          16,
          null,
          null,
          null,
          1,
          16,
          null,
          null,
          1,
          16,
          null,
          null
        ]
      },
      "/mnt/c/Users/theic/Documents/ece5820/projectdirectory-selt_2024_team_005/spec/models/grid_spec.rb": {
        "lines": [
          1,
          null,
          1,
          1,
          3,
          1,
          null,
          1,
          null,
          null,
          null,
          null,
          null,
          144,
          null,
          null,
          null,
          null,
          null,
          null,
          1,
          2,
          null,
          null,
          1,
          1,
          1,
          1,
          null,
          null,
          null,
          1,
          1,
          1,
          1,
          144,
          null,
          null,
          null,
          null,
          1,
          1,
          0,
          0,
          null,
          null,
          null,
          null
        ]
      },
      "/mnt/c/Users/theic/Documents/ece5820/projectdirectory-selt_2024_team_005/app/models/grid.rb": {
        "lines": [
          1,
          1,
          null,
          1,
          null,
          1,
          null,
          1,
          null,
          null,
          null,
          1,
          null,
          null,
          null,
          null,
          null,
          1,
          null,
          null,
          null,
          null,
          null,
          1,
          18,
          null,
          18,
          216,
          2592,
          2592,
          null,
          null,
          2592,
          2592,
          null,
          2592,
          null,
          null,
          null,
          null,
          null,
          null,
          null,
          null,
          null,
          null,
          null,
          null,
          null,
          null,
          18,
          null,
          0,
          null,
          null
        ]
      },
      "/mnt/c/Users/theic/Documents/ece5820/projectdirectory-selt_2024_team_005/spec/models/grids_spec.rb": {
        "lines": [
          1,
          null,
          1,
          1,
          null
        ]
      },
      "/mnt/c/Users/theic/Documents/ece5820/projectdirectory-selt_2024_team_005/spec/models/inventory_spec.rb": {
        "lines": [
          1,
          null,
          1,
          1,
          null
        ]
      },
      "/mnt/c/Users/theic/Documents/ece5820/projectdirectory-selt_2024_team_005/app/models/inventory.rb": {
        "lines": [
          1,
          1,
          null,
          1,
          0,
          0,
          0,
          0,
          null,
          0,
          null,
          null,
          null,
          1,
          3,
          3,
          null,
          null,
          3,
          29,
          null,
          null,
          3,
          3,
          null,
          0,
          null,
          null,
          null,
          1,
          null,
          1,
          16,
          16,
          null,
          null
        ]
      },
      "/mnt/c/Users/theic/Documents/ece5820/projectdirectory-selt_2024_team_005/spec/models/item_spec.rb": {
        "lines": [
          1,
          null,
          1,
          1,
          null
        ]
      },
      "/mnt/c/Users/theic/Documents/ece5820/projectdirectory-selt_2024_team_005/app/models/item.rb": {
        "lines": [
          1,
          1,
          1,
          null,
          1,
          1,
          null,
          null,
          1,
          null,
          null,
          null,
          null,
          null,
          null,
          null,
          1,
          null,
          null,
          null,
          null,
          null,
          null,
          1,
          0,
          null,
          null,
          1,
          0,
          null,
          null,
          1,
          6,
          null,
          null,
          1,
          null,
          1,
          35,
          35,
          35,
          null,
          null,
          1,
          35,
          null,
          14,
          null,
          14,
          null,
          7,
          null,
          null,
          null
        ]
      },
      "/mnt/c/Users/theic/Documents/ece5820/projectdirectory-selt_2024_team_005/spec/models/message_spec.rb": {
        "lines": [
          1,
          null,
          1,
          1,
          null
        ]
      },
      "/mnt/c/Users/theic/Documents/ece5820/projectdirectory-selt_2024_team_005/app/models/message.rb": {
        "lines": [
          1,
          1,
          null,
          1,
          null,
          1,
          null,
          1,
          null,
          null,
          1,
          0,
          0,
          null,
          null,
          null
        ]
      },
      "/mnt/c/Users/theic/Documents/ece5820/projectdirectory-selt_2024_team_005/spec/models/user_grid_visibility_spec.rb": {
        "lines": [
          1,
          null,
          1,
          1,
          null
        ]
      },
      "/mnt/c/Users/theic/Documents/ece5820/projectdirectory-selt_2024_team_005/app/models/user_grid_visibility.rb": {
        "lines": [
          1,
          1,
          1,
          1,
          null
        ]
      },
      "/mnt/c/Users/theic/Documents/ece5820/projectdirectory-selt_2024_team_005/spec/models/user_spec.rb": {
        "lines": [
          1,
          null,
          1,
          8,
          null,
          1,
          1,
          1,
          1,
          1,
          null,
          null,
          null,
          1,
          1,
          null,
          1,
          1,
          null,
          1,
          null,
          1,
          1,
          1,
          null,
          null,
          null,
          1,
          3,
          3,
          null,
          1,
          2,
          null,
          null,
          1,
          1,
          1,
          1,
          null,
          1,
          1,
          null,
          null,
          null,
          1,
          1,
          null,
          1,
          null,
          1,
          null,
          null,
          null,
          null,
          1,
          3,
          3,
          null,
          1,
          2,
          null,
          null,
          1,
          1,
          1,
          1,
          1,
          1,
          null,
          1,
          1,
          1,
          null,
          null,
          null,
          1,
          1,
          1,
          1,
          1,
          1,
          null,
          1,
          1,
          1,
          null,
          null,
          null,
          null,
          1,
          2,
          2,
          null,
          1,
          null,
          1,
          1,
          1,
          null,
          null,
          1,
          null,
          1,
          1,
          1,
          1,
          null,
          null,
          null
        ]
      },
      "/mnt/c/Users/theic/Documents/ece5820/projectdirectory-selt_2024_team_005/app/models/user.rb": {
        "lines": [
          null,
          1,
          1,
          1,
          1,
          1,
          1,
          1,
          1,
          null,
          null,
          1,
          2,
          1,
          null,
          2,
          2,
          null,
          null,
          null,
          1,
          2,
          2,
          2,
          null,
          null,
          1,
          1,
          null,
          1,
          1,
          1,
          null,
          null,
          1,
          null,
          1,
          25,
          2,
          2,
          null,
          null,
          null
        ]
      },
      "/mnt/c/Users/theic/Documents/ece5820/projectdirectory-selt_2024_team_005/spec/requests/cell_spec.rb": {
        "lines": [
          1,
          null,
          1,
          1,
          1,
          null,
          null
        ]
      },
      "/mnt/c/Users/theic/Documents/ece5820/projectdirectory-selt_2024_team_005/spec/requests/characters_spec.rb": {
        "lines": [
          1,
          null,
          1,
          1,
          1,
          null,
          null
        ]
      },
      "/mnt/c/Users/theic/Documents/ece5820/projectdirectory-selt_2024_team_005/spec/requests/grid_spec.rb": {
        "lines": [
          1,
          null,
          1,
          1,
          1,
          null,
          null
        ]
      },
      "/mnt/c/Users/theic/Documents/ece5820/projectdirectory-selt_2024_team_005/spec/requests/home_spec.rb": {
        "lines": [
          1,
          null,
          1,
          1,
          1,
          null,
          null
        ]
      },
      "/mnt/c/Users/theic/Documents/ece5820/projectdirectory-selt_2024_team_005/spec/requests/multiplayer_spec.rb": {
        "lines": [
          1,
          null,
          1,
          1,
          1,
          null,
          null
        ]
      },
      "/mnt/c/Users/theic/Documents/ece5820/projectdirectory-selt_2024_team_005/spec/requests/users_spec.rb": {
        "lines": [
          1,
          1,
          1,
          1,
          1,
          1,
          null,
          null,
          null,
          null,
          null,
          null,
          null,
          null,
          null
        ]
      },
      "/mnt/c/Users/theic/Documents/ece5820/projectdirectory-selt_2024_team_005/spec/views/users/create.html.erb_spec.rb": {
        "lines": [
          1,
          1,
          1,
          null
        ]
      },
      "/mnt/c/Users/theic/Documents/ece5820/projectdirectory-selt_2024_team_005/spec/views/users/destroy.html.erb_spec.rb": {
        "lines": [
          1,
          null,
          1,
          1,
          null
        ]
      },
      "/mnt/c/Users/theic/Documents/ece5820/projectdirectory-selt_2024_team_005/spec/views/users/new.html.erb_spec.rb": {
        "lines": [
          1,
          1,
          1,
          null
        ]
      },
      "/mnt/c/Users/theic/Documents/ece5820/projectdirectory-selt_2024_team_005/spec/views/users/show.html.erb_spec.rb": {
        "lines": [
          1,
          null,
          1,
          1,
          null
        ]
      },
      "/mnt/c/Users/theic/Documents/ece5820/projectdirectory-selt_2024_team_005/app/models/weapon.rb": {
        "lines": [
          1,
          1,
          null,
          1,
          null,
          1,
          14,
          14,
          14,
          null,
          null,
          1,
          null,
          1,
          14,
          null,
          14,
          null,
          null
        ]
      },
      "/mnt/c/Users/theic/Documents/ece5820/projectdirectory-selt_2024_team_005/app/models/armor.rb": {
        "lines": [
          1,
          1,
          null,
          1,
          null,
          1,
          14,
          14,
          14,
          null,
          null,
          1,
          null,
          1,
          14,
          null,
          14,
          null,
          null
        ]
      },
      "/mnt/c/Users/theic/Documents/ece5820/projectdirectory-selt_2024_team_005/app/models/potion.rb": {
        "lines": [
          1,
          1,
          null,
          1,
          null,
          1,
          7,
          7,
          7,
          null,
          null,
          1,
          null,
          1,
          7,
          null,
          7,
          null,
          null
        ]
      }
    },
    "timestamp": 1734059823
  }
}
