{
  "RSpec": {
    "coverage": {
      "/mnt/c/Users/theic/Documents/ece5820/projectdirectory-selt_2024_team_005/config/environment.rb": {
        "lines": [
          null,
          1,
          null,
          null,
          1
        ]
      },
      "/mnt/c/Users/theic/Documents/ece5820/projectdirectory-selt_2024_team_005/config/application.rb": {
        "lines": [
          1,
          null,
          1,
          null,
          null,
          null,
          1,
          null,
          1,
          1,
          null,
          1,
          null,
          null,
          null,
          null,
          1,
          null,
          null,
          null,
          null,
          null,
          null,
          null,
          null,
          null,
          null
        ]
      },
      "/mnt/c/Users/theic/Documents/ece5820/projectdirectory-selt_2024_team_005/config/boot.rb": {
        "lines": [
          1,
          null,
          1,
          1
        ]
      },
      "/mnt/c/Users/theic/Documents/ece5820/projectdirectory-selt_2024_team_005/config/environments/test.rb": {
        "lines": [
          1,
          null,
          null,
          null,
          null,
          null,
          null,
          1,
          null,
          1,
          1,
          null,
          null,
          null,
          null,
          1,
          null,
          null,
          null,
          null,
          null,
          1,
          null,
          null,
          1,
          null,
          null,
          1,
          1,
          1,
          null,
          null,
          1,
          null,
          null,
          1,
          null,
          null,
          1,
          null,
          null,
          null,
          1,
          null,
          null,
          null,
          null,
          1,
          null,
          null,
          null,
          1,
          null,
          null,
          1,
          null,
          null,
          1,
          null,
          null,
          1,
          null,
          null,
          null,
          null,
          null,
          null,
          null,
          null,
          1,
          null
        ]
      },
      "/mnt/c/Users/theic/Documents/ece5820/projectdirectory-selt_2024_team_005/config/initializers/assets.rb": {
        "lines": [
          null,
          null,
          null,
          1,
          null,
          null,
          null,
          null,
          null,
          null,
          null,
          null
        ]
      },
      "/mnt/c/Users/theic/Documents/ece5820/projectdirectory-selt_2024_team_005/config/initializers/content_security_policy.rb": {
        "lines": [
          null,
          null,
          null,
          null,
          null,
          null,
          null,
          null,
          null,
          null,
          null,
          null,
          null,
          null,
          null,
          null,
          null,
          null,
          null,
          null,
          null,
          null,
          null,
          null,
          null
        ]
      },
      "/mnt/c/Users/theic/Documents/ece5820/projectdirectory-selt_2024_team_005/config/initializers/filter_parameter_logging.rb": {
        "lines": [
          null,
          null,
          null,
          null,
          null,
          1,
          null,
          null
        ]
      },
      "/mnt/c/Users/theic/Documents/ece5820/projectdirectory-selt_2024_team_005/config/initializers/inflections.rb": {
        "lines": [
          null,
          null,
          null,
          null,
          null,
          null,
          null,
          null,
          null,
          null,
          null,
          null,
          null,
          null,
          null,
          null
        ]
      },
      "/mnt/c/Users/theic/Documents/ece5820/projectdirectory-selt_2024_team_005/config/initializers/permissions_policy.rb": {
        "lines": [
          null,
          null,
          null,
          null,
          null,
          null,
          null,
          null,
          null,
          null,
          null,
          null,
          null
        ]
      },
      "/mnt/c/Users/theic/Documents/ece5820/projectdirectory-selt_2024_team_005/spec/factories/armors.rb": {
        "lines": [
          1,
          1,
          1,
          1,
          null,
          null
        ]
      },
      "/mnt/c/Users/theic/Documents/ece5820/projectdirectory-selt_2024_team_005/spec/factories/cells.rb": {
        "lines": [
          1,
          1,
          1,
          1,
          1,
          1,
          1,
          1,
          1,
          1,
          1,
          null,
          null
        ]
      },
      "/mnt/c/Users/theic/Documents/ece5820/projectdirectory-selt_2024_team_005/spec/factories/characters.rb": {
        "lines": [
          1,
          1,
          1,
          1,
          1,
          1,
          1,
          1,
          null,
          null
        ]
      },
      "/mnt/c/Users/theic/Documents/ece5820/projectdirectory-selt_2024_team_005/spec/factories/grids.rb": {
        "lines": [
          1,
          1,
          1,
          8,
          8,
          8,
          null,
          null
        ]
      },
      "/mnt/c/Users/theic/Documents/ece5820/projectdirectory-selt_2024_team_005/spec/factories/inventories.rb": {
        "lines": [
          1,
          1,
          1,
          8,
          8,
          null,
          null
        ]
      },
      "/mnt/c/Users/theic/Documents/ece5820/projectdirectory-selt_2024_team_005/spec/factories/items.rb": {
        "lines": [
          1,
          1,
          36,
          36,
          36,
          null,
          1,
          1,
          null,
          null,
          1,
          1,
          null,
          null,
          1,
          1,
          null,
          null,
          null
        ]
      },
      "/mnt/c/Users/theic/Documents/ece5820/projectdirectory-selt_2024_team_005/spec/factories/potions.rb": {
        "lines": [
          1,
          1,
          1,
          1,
          null,
          null
        ]
      },
      "/mnt/c/Users/theic/Documents/ece5820/projectdirectory-selt_2024_team_005/spec/factories/users.rb": {
        "lines": [
          1,
          1,
          1,
          1,
          8,
          8,
          8,
          8,
          null,
          null
        ]
      },
      "/mnt/c/Users/theic/Documents/ece5820/projectdirectory-selt_2024_team_005/spec/factories/weapons.rb": {
        "lines": [
          1,
          1,
          1,
          1,
          null,
          null
        ]
      },
      "/mnt/c/Users/theic/Documents/ece5820/projectdirectory-selt_2024_team_005/config/routes.rb": {
        "lines": [
          null,
          1,
          1,
          1,
          1,
          1,
          null,
          null,
          null,
          1,
          1,
          null,
          null,
          null,
          1,
          1,
          null,
          null,
          1,
          1,
          1,
          1,
          null,
          null,
          1,
          1,
          1,
          null,
          null,
          1,
          null,
          null,
          1,
          null,
          null,
          1,
          null,
          null,
          1,
          null,
          1,
          1,
          null,
          null,
          1,
          1,
          null,
          1,
          null,
          1,
          1,
          1,
          1,
          1,
          1,
          null,
          null,
          null,
          1,
          null,
          null,
          null,
          null,
          null,
          1,
          1,
          1,
          1,
          null,
          1,
          1,
          1,
          null,
          null,
          null,
          1,
          null,
          null,
          1,
          1,
          1,
          null,
          null,
          null,
          null,
          null,
          null,
          null,
          1,
          null,
          null,
          1,
          1,
          null,
          1,
          null,
          null,
          null,
          null,
          null,
          null
        ]
      },
      "/mnt/c/Users/theic/Documents/ece5820/projectdirectory-selt_2024_team_005/app/helpers/application_helper.rb": {
        "lines": [
          1,
          null
        ]
      },
      "/mnt/c/Users/theic/Documents/ece5820/projectdirectory-selt_2024_team_005/app/helpers/cell_helper.rb": {
        "lines": [
          1,
          null
        ]
      },
      "/mnt/c/Users/theic/Documents/ece5820/projectdirectory-selt_2024_team_005/app/helpers/characters_helper.rb": {
        "lines": [
          1,
          null
        ]
      },
      "/mnt/c/Users/theic/Documents/ece5820/projectdirectory-selt_2024_team_005/app/helpers/grid_helper.rb": {
        "lines": [
          1,
          null
        ]
      },
      "/mnt/c/Users/theic/Documents/ece5820/projectdirectory-selt_2024_team_005/app/helpers/home_helper.rb": {
        "lines": [
          1,
          null
        ]
      },
      "/mnt/c/Users/theic/Documents/ece5820/projectdirectory-selt_2024_team_005/app/helpers/multiplayer_helper.rb": {
        "lines": [
          1,
          null
        ]
      },
      "/mnt/c/Users/theic/Documents/ece5820/projectdirectory-selt_2024_team_005/app/helpers/users_helper.rb": {
        "lines": [
          1,
          null
        ]
      },
      "/mnt/c/Users/theic/Documents/ece5820/projectdirectory-selt_2024_team_005/app/controllers/inventory_controller.rb": {
        "lines": [
          1,
          1,
          null,
          1,
          6,
          null,
          6,
          null,
          2,
          null,
          2,
          null,
          2,
          null,
          null,
          6,
          6,
          6,
          12,
          null,
          null,
          null,
          1,
          1,
          null,
          1,
          1,
          1,
          2,
          null,
          null,
          null,
          1,
          null,
          1,
          7,
          7,
          null,
          null,
          1,
          2,
          null,
          2,
          null,
          2,
          null,
          2,
          2,
          null,
          null,
          1,
          2,
          2,
          null,
          2,
          2,
          null,
          2,
          2,
          null,
          null,
          1,
          2,
          2,
          null,
          2,
          2,
          null,
          2,
          2,
          null,
          null
        ]
      },
      "/mnt/c/Users/theic/Documents/ece5820/projectdirectory-selt_2024_team_005/app/controllers/grids_controller.rb": {
        "lines": [
          null,
          1,
          1,
          null,
          1,
          0,
          0,
          0,
          0,
          null,
          null,
          null,
          1,
          0,
          null,
          null,
          1,
          0,
          0,
          0,
          0,
          null,
          0,
          0,
          null,
          null,
          null,
          1,
          0,
          0,
          0,
          null,
          null,
          1,
          0,
          0,
          0,
          null,
          null,
          1,
          0,
          0,
          0,
          0,
          null,
          0,
          0,
          0,
          0,
          0,
          0,
          0,
          0,
          0,
          0,
          null,
          null,
          null,
          1,
          0,
          0,
          0,
          0,
          null,
          0,
          0,
          0,
          0,
          0,
          0,
          0,
          0,
          null,
          0,
          null,
          null,
          0,
          null,
          0,
          null,
          null,
          null,
          1,
          0,
          0,
          0,
          0,
          null,
          null,
          null,
          0,
          0,
          0,
          null,
          null,
          null,
          0,
          0,
          0,
          0,
          null,
          null,
          null,
          0,
          null,
          0,
          0,
          null,
          null,
          null,
          null,
          1,
          null,
          1,
          0,
          null,
          1,
          0,
          null,
          null,
          1,
          7,
          7,
          7,
          null,
          0,
          0,
          null,
          null,
          null
        ]
      },
      "/mnt/c/Users/theic/Documents/ece5820/projectdirectory-selt_2024_team_005/app/controllers/application_controller.rb": {
        "lines": [
          1,
          null,
          null,
          1,
          null,
          1,
          0,
          0,
          null,
          1,
          null
        ]
      },
      "/mnt/c/Users/theic/Documents/ece5820/projectdirectory-selt_2024_team_005/app/models/user.rb": {
        "lines": [
          null,
          1,
          1,
          1,
          1,
          1,
          1,
          1,
          1,
          null,
          null,
          1,
          0,
          0,
          null,
          0,
          0,
          null,
          null,
          null,
          1,
          0,
          0,
          0,
          null,
          null,
          1,
          1,
          null,
          1,
          0,
          0,
          null,
          null,
          1,
          null,
          1,
          7,
          0,
          0,
          null,
          null,
          null
        ]
      },
      "/mnt/c/Users/theic/Documents/ece5820/projectdirectory-selt_2024_team_005/app/models/application_record.rb": {
        "lines": [
          1,
          1,
          null
        ]
      },
      "/mnt/c/Users/theic/Documents/ece5820/projectdirectory-selt_2024_team_005/app/models/grid.rb": {
        "lines": [
          1,
          1,
          null,
          1,
          null,
          1,
          null,
          1,
          null,
          null,
          null,
          1,
          null,
          null,
          null,
          null,
          null,
          1,
          null,
          null,
          null,
          null,
          null,
          1,
          7,
          null,
          7,
          84,
          1008,
          1008,
          null,
          null,
          1008,
          1008,
          null,
          1008,
          null,
          null,
          null,
          null,
          null,
          null,
          null,
          null,
          null,
          null,
          null,
          null,
          null,
          null,
          7,
          null,
          0,
          null,
          null
        ]
      },
      "/mnt/c/Users/theic/Documents/ece5820/projectdirectory-selt_2024_team_005/app/models/cell.rb": {
        "lines": [
          1,
          1,
          null,
          1,
          1,
          1,
          1,
          null
        ]
      },
      "/mnt/c/Users/theic/Documents/ece5820/projectdirectory-selt_2024_team_005/app/models/weapon.rb": {
        "lines": [
          1,
          1,
          null,
          1,
          null,
          1,
          14,
          14,
          14,
          null,
          null,
          1,
          null,
          1,
          14,
          null,
          14,
          null,
          null
        ]
      },
      "/mnt/c/Users/theic/Documents/ece5820/projectdirectory-selt_2024_team_005/app/models/item.rb": {
        "lines": [
          1,
          1,
          1,
          null,
          1,
          1,
          null,
          null,
          1,
          null,
          null,
          null,
          null,
          null,
          null,
          null,
          1,
          null,
          null,
          null,
          null,
          null,
          null,
          1,
          0,
          null,
          null,
          1,
          0,
          null,
          null,
          1,
          6,
          null,
          null,
          1,
          null,
          1,
          35,
          35,
          35,
          null,
          null,
          1,
          35,
          null,
          14,
          null,
          14,
          null,
          7,
          null,
          null,
          null
        ]
      },
      "/mnt/c/Users/theic/Documents/ece5820/projectdirectory-selt_2024_team_005/app/models/armor.rb": {
        "lines": [
          1,
          1,
          null,
          1,
          null,
          1,
          14,
          14,
          14,
          null,
          null,
          1,
          null,
          1,
          14,
          null,
          14,
          null,
          null
        ]
      },
      "/mnt/c/Users/theic/Documents/ece5820/projectdirectory-selt_2024_team_005/app/models/potion.rb": {
        "lines": [
          1,
          1,
          null,
          1,
          null,
          1,
          7,
          7,
          7,
          null,
          null,
          1,
          null,
          1,
          7,
          null,
          7,
          null,
          null
        ]
      },
      "/mnt/c/Users/theic/Documents/ece5820/projectdirectory-selt_2024_team_005/app/models/inventory.rb": {
        "lines": [
          1,
          1,
          null,
          1,
          0,
          0,
          0,
          0,
          null,
          0,
          null,
          null,
          null,
          1,
          3,
          3,
          null,
          null,
          3,
          29,
          null,
          null,
          3,
          3,
          null,
          0,
          null,
          null,
          null,
          1,
          null,
          1,
          7,
          7,
          null,
          null
        ]
      },
      "/mnt/c/Users/theic/Documents/ece5820/projectdirectory-selt_2024_team_005/app/models/character.rb": {
        "lines": [
          1,
          1,
          1,
          1,
          1,
          null,
          1,
          1,
          null,
          1,
          1,
          null,
          1,
          0,
          null,
          null,
          null,
          null,
          null,
          null,
          null,
          null,
          1,
          null,
          1,
          7,
          7,
          null,
          null,
          1,
          0,
          0,
          null,
          null,
          1,
          7,
          7,
          null,
          7,
          7,
          7,
          null,
          null,
          null,
          1,
          7,
          null,
          null,
          1,
          7,
          null,
          null
        ]
      }
    },
    "timestamp": 1734058474
  }
}
